<?xml version="1.0" encoding="UTF-8"?>
<!-- Generated by org.testng.reporters.JUnitXMLReporter -->
<testsuite ignored="2" hostname="Sonu" failures="0" tests="1" name="RoughTest" time="0.035" errors="0" timestamp="2024-08-26T19:41:37 IST">
  <testcase classname="com.mystore.testcases.Rough" name="method3" time="0.003"/>
  <testcase classname="com.mystore.testcases.Rough" name="method1" time="0.0">
    <ignored/>
  </testcase> <!-- method1 -->
  <testcase classname="com.mystore.testcases.Rough" name="method2" time="0.0">
    <ignored/>
  </testcase> <!-- method2 -->
</testsuite> <!-- RoughTest -->
