<?xml version="1.0" encoding="UTF-8"?>
<!-- Generated by org.testng.reporters.JUnitXMLReporter -->
<testsuite ignored="1" hostname="Sonu" failures="0" tests="1" name="Test" time="0.041" errors="0" timestamp="2024-08-26T19:34:54 IST">
  <testcase classname="com.mystore.testcases.IndexPageTest" name="@BeforeMethod setUp" time="0.004">
    <failure type="java.lang.NullPointerException" message="Cannot invoke &amp;quot;java.util.Properties.getProperty(String)&amp;quot; because &amp;quot;com.mystore.base.BaseClass.prop&amp;quot; is null">
      <![CDATA[java.lang.NullPointerException: Cannot invoke "java.util.Properties.getProperty(String)" because "com.mystore.base.BaseClass.prop" is null
at com.mystore.base.BaseClass.lauchApp(BaseClass.java:52)
at com.mystore.testcases.IndexPageTest.setUp(IndexPageTest.java:26)
at java.base/java.util.ArrayList.forEach(ArrayList.java:1511)
... Removed 31 stack frames]]>
    </failure>
  </testcase> <!-- @BeforeMethod setUp -->
  <testcase classname="com.mystore.testcases.IndexPageTest" name="@AfterMethod tearDown" time="-1.724681094841E9">
    <skipped/>
  </testcase> <!-- @AfterMethod tearDown -->
  <testcase classname="com.mystore.testcases.IndexPageTest" name="myStoreTitle" time="0.0">
    <skipped/>
  </testcase> <!-- myStoreTitle -->
  <testcase classname="com.mystore.testcases.IndexPageTest" name="myStoreLogoTest" time="0.0">
    <ignored/>
  </testcase> <!-- myStoreLogoTest -->
</testsuite> <!-- Test -->
