<?xml version="1.0" encoding="UTF-8"?>
<!-- Generated by org.testng.reporters.JUnitXMLReporter -->
<testsuite ignored="0" hostname="Sonu" failures="0" tests="2" name="Test_all" time="1.304" errors="0" timestamp="2024-08-26T19:17:40 IST">
  <testcase classname="com.mystore.testcases.IndexPageTest" name="@BeforeMethod setUp" time="1.255">
    <failure type="java.lang.NullPointerException" message="Cannot invoke &amp;quot;java.util.Properties.getProperty(String)&amp;quot; because &amp;quot;com.mystore.base.BaseClass.prop&amp;quot; is null">
      <![CDATA[java.lang.NullPointerException: Cannot invoke "java.util.Properties.getProperty(String)" because "com.mystore.base.BaseClass.prop" is null
at com.mystore.base.BaseClass.lauchApp(BaseClass.java:70)
at com.mystore.testcases.IndexPageTest.setUp(IndexPageTest.java:25)
at java.base/java.util.ArrayList.forEach(ArrayList.java:1511)
... Removed 31 stack frames]]>
    </failure>
  </testcase> <!-- @BeforeMethod setUp -->
  <testcase classname="com.mystore.testcases.IndexPageTest" name="@AfterMethod tearDown" time="-1.724680060967E9">
    <skipped/>
  </testcase> <!-- @AfterMethod tearDown -->
  <testcase classname="com.mystore.testcases.IndexPageTest" name="@BeforeMethod setUp" time="-1.72468006097E9">
    <skipped/>
  </testcase> <!-- @BeforeMethod setUp -->
  <testcase classname="com.mystore.testcases.IndexPageTest" name="@AfterMethod tearDown" time="-1.724680060972E9">
    <skipped/>
  </testcase> <!-- @AfterMethod tearDown -->
  <testcase classname="com.mystore.testcases.IndexPageTest" name="myStoreLogoTest" time="0.0">
    <skipped/>
  </testcase> <!-- myStoreLogoTest -->
  <testcase classname="com.mystore.testcases.IndexPageTest" name="myStoreTitle" time="0.0">
    <skipped/>
  </testcase> <!-- myStoreTitle -->
</testsuite> <!-- Test_all -->
